0 info it worked if it ends with ok
1 verbose cli [ 'node', '/usr/bin/npm', 'uninstall', 'yo', '-g' ]
2 info using npm@2.0.2
3 info using node@v0.10.25
4 verbose node symlink /usr/bin/node
5 verbose lib/node_modules/yo unbuild
6 info preuninstall yo@1.1.2
7 info uninstall yo@1.1.2
8 verbose true,/usr/lib/node_modules,/usr/lib/node_modules unbuild yo@1.1.2
9 verbose /usr/bin,[object Object] binRoot
10 verbose gentlyRm verifying that /usr/lib/node_modules/yo is managed by npm
11 silly cacheAndTest /usr/lib/node_modules/yo is inside /usr/lib/node_modules
12 silly gentlyRm /usr/lib/node_modules/yo is managed by npm
13 silly gentlyRm /usr/bin/yo is not under /usr/lib/node_modules/yo
14 silly gentlyRm checking to see if /usr/bin/yo is a link
15 silly gentlyRm /usr/bin/yo is a link
16 silly gentlyRm /usr/lib/node_modules/yo/cli.js inside /usr/lib/node_modules/yo
17 verbose gentlyRm vacuuming /usr/bin/yo
18 silly gentlyRm removing /usr/bin/yo
19 verbose stack Error: EACCES, unlink '/usr/bin/yo'
20 verbose cwd /virtual_env/twitter_client_on_react
21 error Linux 3.8.0-19-generic
22 error argv "node" "/usr/bin/npm" "uninstall" "yo" "-g"
23 error node v0.10.25
24 error npm  v2.0.2
25 error path /usr/bin/yo
26 error code EACCES
27 error errno 3
28 error Error: EACCES, unlink '/usr/bin/yo'
28 error  { [Error: EACCES, unlink '/usr/bin/yo'] errno: 3, code: 'EACCES', path: '/usr/bin/yo' }
29 error Please try running this command again as root/Administrator.
30 verbose exit [ 3, true ]
